INFO [2020-12-10 17:26:53] $main
INFO [2020-12-10 17:26:53] paste("TFs ", region_use)
INFO [2020-12-10 17:26:53] 
INFO [2020-12-10 17:26:53] $x
INFO [2020-12-10 17:26:53] vectors
INFO [2020-12-10 17:26:53] 
INFO [2020-12-10 17:26:53] $fill
INFO [2020-12-10 17:26:53] fill
INFO [2020-12-10 17:26:53] 
INFO [2020-12-10 17:26:53] $main.fontfamily
INFO [2020-12-10 17:26:53] [1] "Arial"
INFO [2020-12-10 17:26:53] 
INFO [2020-12-10 17:26:53] $force.unique
INFO [2020-12-10 17:26:53] [1] TRUE
INFO [2020-12-10 17:26:53] 
INFO [2020-12-10 17:26:53] $alpha
INFO [2020-12-10 17:26:53] alpha
INFO [2020-12-10 17:26:53] 
INFO [2020-12-10 17:26:53] $cat.dist
INFO [2020-12-10 17:26:53] cat.dist
INFO [2020-12-10 17:26:53] 
INFO [2020-12-10 17:26:53] $cat.pos
INFO [2020-12-10 17:26:53] cat.pos
INFO [2020-12-10 17:26:53] 
INFO [2020-12-10 17:26:53] $cat.cex
INFO [2020-12-10 17:26:53] cat.cex
INFO [2020-12-10 17:26:53] 
INFO [2020-12-10 17:26:53] $cex
INFO [2020-12-10 17:26:53] cex
INFO [2020-12-10 17:26:53] 
INFO [2020-12-10 17:26:53] $filename
INFO [2020-12-10 17:26:53] NULL
INFO [2020-12-10 17:26:53] 
ERROR [2020-12-10 17:26:53] Unexpected parameter length for 'cat.dist'
