INFO [2020-12-10 17:46:19] $main
INFO [2020-12-10 17:46:19] paste("TFs ", region_use)
INFO [2020-12-10 17:46:19] 
INFO [2020-12-10 17:46:19] $x
INFO [2020-12-10 17:46:19] vectors
INFO [2020-12-10 17:46:19] 
INFO [2020-12-10 17:46:19] $fill
INFO [2020-12-10 17:46:19] fill
INFO [2020-12-10 17:46:19] 
INFO [2020-12-10 17:46:19] $main.fontfamily
INFO [2020-12-10 17:46:19] [1] "Arial"
INFO [2020-12-10 17:46:19] 
INFO [2020-12-10 17:46:19] $fontfamily
INFO [2020-12-10 17:46:19] rep("Arial", 3)
INFO [2020-12-10 17:46:19] 
INFO [2020-12-10 17:46:19] $force.unique
INFO [2020-12-10 17:46:19] [1] TRUE
INFO [2020-12-10 17:46:19] 
INFO [2020-12-10 17:46:19] $alpha
INFO [2020-12-10 17:46:19] alpha
INFO [2020-12-10 17:46:19] 
INFO [2020-12-10 17:46:19] $cat.dist
INFO [2020-12-10 17:46:19] cat.dist
INFO [2020-12-10 17:46:19] 
INFO [2020-12-10 17:46:19] $cat.pos
INFO [2020-12-10 17:46:19] cat.pos
INFO [2020-12-10 17:46:19] 
INFO [2020-12-10 17:46:19] $cat.cex
INFO [2020-12-10 17:46:19] cat.cex
INFO [2020-12-10 17:46:19] 
INFO [2020-12-10 17:46:19] $cex
INFO [2020-12-10 17:46:19] cex
INFO [2020-12-10 17:46:19] 
INFO [2020-12-10 17:46:19] $filename
INFO [2020-12-10 17:46:19] NULL
INFO [2020-12-10 17:46:19] 
