INFO [2020-12-10 17:46:38] $main
INFO [2020-12-10 17:46:38] paste("TFs ", region_use)
INFO [2020-12-10 17:46:38] 
INFO [2020-12-10 17:46:38] $x
INFO [2020-12-10 17:46:38] vectors
INFO [2020-12-10 17:46:38] 
INFO [2020-12-10 17:46:38] $fill
INFO [2020-12-10 17:46:38] fill
INFO [2020-12-10 17:46:38] 
INFO [2020-12-10 17:46:38] $main.fontfamily
INFO [2020-12-10 17:46:38] [1] "Arial"
INFO [2020-12-10 17:46:38] 
INFO [2020-12-10 17:46:38] $fontfamily
INFO [2020-12-10 17:46:38] rep("Arial", 3)
INFO [2020-12-10 17:46:38] 
INFO [2020-12-10 17:46:38] $force.unique
INFO [2020-12-10 17:46:38] [1] TRUE
INFO [2020-12-10 17:46:38] 
INFO [2020-12-10 17:46:38] $alpha
INFO [2020-12-10 17:46:38] alpha
INFO [2020-12-10 17:46:38] 
INFO [2020-12-10 17:46:38] $cat.dist
INFO [2020-12-10 17:46:38] cat.dist
INFO [2020-12-10 17:46:38] 
INFO [2020-12-10 17:46:38] $cat.pos
INFO [2020-12-10 17:46:38] cat.pos
INFO [2020-12-10 17:46:38] 
INFO [2020-12-10 17:46:38] $cat.cex
INFO [2020-12-10 17:46:38] cat.cex
INFO [2020-12-10 17:46:38] 
INFO [2020-12-10 17:46:38] $cex
INFO [2020-12-10 17:46:38] cex
INFO [2020-12-10 17:46:38] 
INFO [2020-12-10 17:46:38] $filename
INFO [2020-12-10 17:46:38] NULL
INFO [2020-12-10 17:46:38] 
