INFO [2020-12-10 17:26:00] $main
INFO [2020-12-10 17:26:00] paste("TFs ", region_use)
INFO [2020-12-10 17:26:00] 
INFO [2020-12-10 17:26:00] $x
INFO [2020-12-10 17:26:00] vectors
INFO [2020-12-10 17:26:00] 
INFO [2020-12-10 17:26:00] $fill
INFO [2020-12-10 17:26:00] fill
INFO [2020-12-10 17:26:00] 
INFO [2020-12-10 17:26:00] $main.fontfamily
INFO [2020-12-10 17:26:00] [1] "Arial"
INFO [2020-12-10 17:26:00] 
INFO [2020-12-10 17:26:00] $force.unique
INFO [2020-12-10 17:26:00] [1] TRUE
INFO [2020-12-10 17:26:00] 
INFO [2020-12-10 17:26:00] $alpha
INFO [2020-12-10 17:26:00] alpha
INFO [2020-12-10 17:26:00] 
INFO [2020-12-10 17:26:00] $cat.dist
INFO [2020-12-10 17:26:00] cat.dist
INFO [2020-12-10 17:26:00] 
INFO [2020-12-10 17:26:00] $cat.pos
INFO [2020-12-10 17:26:00] cat.pos
INFO [2020-12-10 17:26:00] 
INFO [2020-12-10 17:26:00] $cat.cex
INFO [2020-12-10 17:26:00] cat.cex
INFO [2020-12-10 17:26:00] 
INFO [2020-12-10 17:26:00] $cex
INFO [2020-12-10 17:26:00] cex
INFO [2020-12-10 17:26:00] 
INFO [2020-12-10 17:26:00] $filename
INFO [2020-12-10 17:26:00] NULL
INFO [2020-12-10 17:26:00] 
