INFO [2020-12-10 18:08:25] $main
INFO [2020-12-10 18:08:25] title
INFO [2020-12-10 18:08:25] 
INFO [2020-12-10 18:08:25] $x
INFO [2020-12-10 18:08:25] vectors
INFO [2020-12-10 18:08:25] 
INFO [2020-12-10 18:08:25] $fill
INFO [2020-12-10 18:08:25] fill
INFO [2020-12-10 18:08:25] 
INFO [2020-12-10 18:08:25] $main.fontfamily
INFO [2020-12-10 18:08:25] [1] "sans"
INFO [2020-12-10 18:08:25] 
INFO [2020-12-10 18:08:25] $fontfamily
INFO [2020-12-10 18:08:25] rep("sans", 3)
INFO [2020-12-10 18:08:25] 
INFO [2020-12-10 18:08:25] $force.unique
INFO [2020-12-10 18:08:25] [1] TRUE
INFO [2020-12-10 18:08:25] 
INFO [2020-12-10 18:08:25] $alpha
INFO [2020-12-10 18:08:25] alpha
INFO [2020-12-10 18:08:25] 
INFO [2020-12-10 18:08:25] $cat.dist
INFO [2020-12-10 18:08:25] cat.dist
INFO [2020-12-10 18:08:25] 
INFO [2020-12-10 18:08:25] $cat.pos
INFO [2020-12-10 18:08:25] cat.pos
INFO [2020-12-10 18:08:25] 
INFO [2020-12-10 18:08:25] $cat.cex
INFO [2020-12-10 18:08:25] cat.cex
INFO [2020-12-10 18:08:25] 
INFO [2020-12-10 18:08:25] $cex
INFO [2020-12-10 18:08:25] cex
INFO [2020-12-10 18:08:25] 
INFO [2020-12-10 18:08:25] $filename
INFO [2020-12-10 18:08:25] NULL
INFO [2020-12-10 18:08:25] 
