INFO [2020-12-10 18:08:22] $main
INFO [2020-12-10 18:08:22] title
INFO [2020-12-10 18:08:22] 
INFO [2020-12-10 18:08:22] $x
INFO [2020-12-10 18:08:22] vectors
INFO [2020-12-10 18:08:22] 
INFO [2020-12-10 18:08:22] $fill
INFO [2020-12-10 18:08:22] fill
INFO [2020-12-10 18:08:22] 
INFO [2020-12-10 18:08:22] $main.fontfamily
INFO [2020-12-10 18:08:22] [1] "sans"
INFO [2020-12-10 18:08:22] 
INFO [2020-12-10 18:08:22] $fontfamily
INFO [2020-12-10 18:08:22] rep("sans", 3)
INFO [2020-12-10 18:08:22] 
INFO [2020-12-10 18:08:22] $force.unique
INFO [2020-12-10 18:08:22] [1] TRUE
INFO [2020-12-10 18:08:22] 
INFO [2020-12-10 18:08:22] $alpha
INFO [2020-12-10 18:08:22] alpha
INFO [2020-12-10 18:08:22] 
INFO [2020-12-10 18:08:22] $cat.dist
INFO [2020-12-10 18:08:22] cat.dist
INFO [2020-12-10 18:08:22] 
INFO [2020-12-10 18:08:22] $cat.pos
INFO [2020-12-10 18:08:22] cat.pos
INFO [2020-12-10 18:08:22] 
INFO [2020-12-10 18:08:22] $cat.cex
INFO [2020-12-10 18:08:22] cat.cex
INFO [2020-12-10 18:08:22] 
INFO [2020-12-10 18:08:22] $cex
INFO [2020-12-10 18:08:22] cex
INFO [2020-12-10 18:08:22] 
INFO [2020-12-10 18:08:22] $filename
INFO [2020-12-10 18:08:22] NULL
INFO [2020-12-10 18:08:22] 
INFO [2020-12-10 18:08:23] $main
INFO [2020-12-10 18:08:23] title
INFO [2020-12-10 18:08:23] 
INFO [2020-12-10 18:08:23] $x
INFO [2020-12-10 18:08:23] vectors
INFO [2020-12-10 18:08:23] 
INFO [2020-12-10 18:08:23] $fill
INFO [2020-12-10 18:08:23] fill
INFO [2020-12-10 18:08:23] 
INFO [2020-12-10 18:08:23] $main.fontfamily
INFO [2020-12-10 18:08:23] [1] "sans"
INFO [2020-12-10 18:08:23] 
INFO [2020-12-10 18:08:23] $fontfamily
INFO [2020-12-10 18:08:23] rep("sans", 3)
INFO [2020-12-10 18:08:23] 
INFO [2020-12-10 18:08:23] $force.unique
INFO [2020-12-10 18:08:23] [1] TRUE
INFO [2020-12-10 18:08:23] 
INFO [2020-12-10 18:08:23] $alpha
INFO [2020-12-10 18:08:23] alpha
INFO [2020-12-10 18:08:23] 
INFO [2020-12-10 18:08:23] $cat.dist
INFO [2020-12-10 18:08:23] cat.dist
INFO [2020-12-10 18:08:23] 
INFO [2020-12-10 18:08:23] $cat.pos
INFO [2020-12-10 18:08:23] cat.pos
INFO [2020-12-10 18:08:23] 
INFO [2020-12-10 18:08:23] $cat.cex
INFO [2020-12-10 18:08:23] cat.cex
INFO [2020-12-10 18:08:23] 
INFO [2020-12-10 18:08:23] $cex
INFO [2020-12-10 18:08:23] cex
INFO [2020-12-10 18:08:23] 
INFO [2020-12-10 18:08:23] $filename
INFO [2020-12-10 18:08:23] NULL
INFO [2020-12-10 18:08:23] 
