INFO [2020-12-10 17:46:43] $main
INFO [2020-12-10 17:46:43] paste("TFs ", region_use)
INFO [2020-12-10 17:46:43] 
INFO [2020-12-10 17:46:43] $x
INFO [2020-12-10 17:46:43] vectors
INFO [2020-12-10 17:46:43] 
INFO [2020-12-10 17:46:43] $fill
INFO [2020-12-10 17:46:43] fill
INFO [2020-12-10 17:46:43] 
INFO [2020-12-10 17:46:43] $main.fontfamily
INFO [2020-12-10 17:46:43] [1] "Arial"
INFO [2020-12-10 17:46:43] 
INFO [2020-12-10 17:46:43] $fontfamily
INFO [2020-12-10 17:46:43] rep("Arial", 3)
INFO [2020-12-10 17:46:43] 
INFO [2020-12-10 17:46:43] $force.unique
INFO [2020-12-10 17:46:43] [1] TRUE
INFO [2020-12-10 17:46:43] 
INFO [2020-12-10 17:46:43] $alpha
INFO [2020-12-10 17:46:43] alpha
INFO [2020-12-10 17:46:43] 
INFO [2020-12-10 17:46:43] $cat.dist
INFO [2020-12-10 17:46:43] cat.dist
INFO [2020-12-10 17:46:43] 
INFO [2020-12-10 17:46:43] $cat.pos
INFO [2020-12-10 17:46:43] cat.pos
INFO [2020-12-10 17:46:43] 
INFO [2020-12-10 17:46:43] $cat.cex
INFO [2020-12-10 17:46:43] cat.cex
INFO [2020-12-10 17:46:43] 
INFO [2020-12-10 17:46:43] $cex
INFO [2020-12-10 17:46:43] cex
INFO [2020-12-10 17:46:43] 
INFO [2020-12-10 17:46:43] $filename
INFO [2020-12-10 17:46:43] NULL
INFO [2020-12-10 17:46:43] 
