INFO [2020-12-10 17:00:53] [[1]]
INFO [2020-12-10 17:00:53] vectors
INFO [2020-12-10 17:00:53] 
INFO [2020-12-10 17:00:53] $fill
INFO [2020-12-10 17:00:53] fill
INFO [2020-12-10 17:00:53] 
INFO [2020-12-10 17:00:53] $alpha
INFO [2020-12-10 17:00:53] alpha
INFO [2020-12-10 17:00:53] 
INFO [2020-12-10 17:00:53] $cat.pos
INFO [2020-12-10 17:00:53] cat.pos
INFO [2020-12-10 17:00:53] 
INFO [2020-12-10 17:00:53] $cat.fontface
INFO [2020-12-10 17:00:53] [1] "bold"
INFO [2020-12-10 17:00:53] 
INFO [2020-12-10 17:00:53] $cat.cex
INFO [2020-12-10 17:00:53] cat.cex
INFO [2020-12-10 17:00:53] 
INFO [2020-12-10 17:00:53] $cex
INFO [2020-12-10 17:00:53] cex
INFO [2020-12-10 17:00:53] 
INFO [2020-12-10 17:00:53] $filename
INFO [2020-12-10 17:00:53] NULL
INFO [2020-12-10 17:00:53] 
