INFO [2020-12-10 16:42:30] [[1]]
INFO [2020-12-10 16:42:30] vectors
INFO [2020-12-10 16:42:30] 
INFO [2020-12-10 16:42:30] $fill
INFO [2020-12-10 16:42:30] fill
INFO [2020-12-10 16:42:30] 
INFO [2020-12-10 16:42:30] $alpha
INFO [2020-12-10 16:42:30] alpha
INFO [2020-12-10 16:42:30] 
INFO [2020-12-10 16:42:30] $cat.pos
INFO [2020-12-10 16:42:30] cat.pos
INFO [2020-12-10 16:42:30] 
INFO [2020-12-10 16:42:30] $cat.fontface
INFO [2020-12-10 16:42:30] [1] "bold"
INFO [2020-12-10 16:42:30] 
INFO [2020-12-10 16:42:30] $cat.cex
INFO [2020-12-10 16:42:30] cat.cex
INFO [2020-12-10 16:42:30] 
INFO [2020-12-10 16:42:30] $cex
INFO [2020-12-10 16:42:30] cex
INFO [2020-12-10 16:42:30] 
INFO [2020-12-10 16:42:30] $filename
INFO [2020-12-10 16:42:30] NULL
INFO [2020-12-10 16:42:30] 
