INFO [2020-12-10 17:59:14] $main
INFO [2020-12-10 17:59:14] title
INFO [2020-12-10 17:59:14] 
INFO [2020-12-10 17:59:14] $x
INFO [2020-12-10 17:59:14] vectors
INFO [2020-12-10 17:59:14] 
INFO [2020-12-10 17:59:14] $fill
INFO [2020-12-10 17:59:14] fill
INFO [2020-12-10 17:59:14] 
INFO [2020-12-10 17:59:14] $main.fontfamily
INFO [2020-12-10 17:59:14] [1] "sans"
INFO [2020-12-10 17:59:14] 
INFO [2020-12-10 17:59:14] $fontfamily
INFO [2020-12-10 17:59:14] rep("sans", 3)
INFO [2020-12-10 17:59:14] 
INFO [2020-12-10 17:59:14] $force.unique
INFO [2020-12-10 17:59:14] [1] TRUE
INFO [2020-12-10 17:59:14] 
INFO [2020-12-10 17:59:14] $alpha
INFO [2020-12-10 17:59:14] alpha
INFO [2020-12-10 17:59:14] 
INFO [2020-12-10 17:59:14] $cat.dist
INFO [2020-12-10 17:59:14] cat.dist
INFO [2020-12-10 17:59:14] 
INFO [2020-12-10 17:59:14] $cat.pos
INFO [2020-12-10 17:59:14] cat.pos
INFO [2020-12-10 17:59:14] 
INFO [2020-12-10 17:59:14] $cat.cex
INFO [2020-12-10 17:59:14] cat.cex
INFO [2020-12-10 17:59:14] 
INFO [2020-12-10 17:59:14] $cex
INFO [2020-12-10 17:59:14] cex
INFO [2020-12-10 17:59:14] 
INFO [2020-12-10 17:59:14] $filename
INFO [2020-12-10 17:59:14] NULL
INFO [2020-12-10 17:59:14] 
INFO [2020-12-10 17:59:14] $main
INFO [2020-12-10 17:59:14] title
INFO [2020-12-10 17:59:14] 
INFO [2020-12-10 17:59:14] $x
INFO [2020-12-10 17:59:14] vectors
INFO [2020-12-10 17:59:14] 
INFO [2020-12-10 17:59:14] $fill
INFO [2020-12-10 17:59:14] fill
INFO [2020-12-10 17:59:14] 
INFO [2020-12-10 17:59:14] $main.fontfamily
INFO [2020-12-10 17:59:14] [1] "sans"
INFO [2020-12-10 17:59:14] 
INFO [2020-12-10 17:59:14] $fontfamily
INFO [2020-12-10 17:59:14] rep("sans", 3)
INFO [2020-12-10 17:59:14] 
INFO [2020-12-10 17:59:14] $force.unique
INFO [2020-12-10 17:59:14] [1] TRUE
INFO [2020-12-10 17:59:14] 
INFO [2020-12-10 17:59:14] $alpha
INFO [2020-12-10 17:59:14] alpha
INFO [2020-12-10 17:59:14] 
INFO [2020-12-10 17:59:14] $cat.dist
INFO [2020-12-10 17:59:14] cat.dist
INFO [2020-12-10 17:59:14] 
INFO [2020-12-10 17:59:14] $cat.pos
INFO [2020-12-10 17:59:14] cat.pos
INFO [2020-12-10 17:59:14] 
INFO [2020-12-10 17:59:14] $cat.cex
INFO [2020-12-10 17:59:14] cat.cex
INFO [2020-12-10 17:59:14] 
INFO [2020-12-10 17:59:14] $cex
INFO [2020-12-10 17:59:14] cex
INFO [2020-12-10 17:59:14] 
INFO [2020-12-10 17:59:14] $filename
INFO [2020-12-10 17:59:14] NULL
INFO [2020-12-10 17:59:14] 
