INFO [2020-12-10 17:37:55] $main
INFO [2020-12-10 17:37:55] paste("TFs ", region_use)
INFO [2020-12-10 17:37:55] 
INFO [2020-12-10 17:37:55] $x
INFO [2020-12-10 17:37:55] vectors
INFO [2020-12-10 17:37:55] 
INFO [2020-12-10 17:37:55] $fill
INFO [2020-12-10 17:37:55] fill
INFO [2020-12-10 17:37:55] 
INFO [2020-12-10 17:37:55] $main.fontfamily
INFO [2020-12-10 17:37:55] [1] "Arial"
INFO [2020-12-10 17:37:55] 
INFO [2020-12-10 17:37:55] $fontfamily
INFO [2020-12-10 17:37:55] rep("Arial", 3)
INFO [2020-12-10 17:37:55] 
INFO [2020-12-10 17:37:55] $force.unique
INFO [2020-12-10 17:37:55] [1] TRUE
INFO [2020-12-10 17:37:55] 
INFO [2020-12-10 17:37:55] $alpha
INFO [2020-12-10 17:37:55] alpha
INFO [2020-12-10 17:37:55] 
INFO [2020-12-10 17:37:55] $cat.dist
INFO [2020-12-10 17:37:55] cat.dist
INFO [2020-12-10 17:37:55] 
INFO [2020-12-10 17:37:55] $cat.pos
INFO [2020-12-10 17:37:55] cat.pos
INFO [2020-12-10 17:37:55] 
INFO [2020-12-10 17:37:55] $cat.cex
INFO [2020-12-10 17:37:55] cat.cex
INFO [2020-12-10 17:37:55] 
INFO [2020-12-10 17:37:55] $cex
INFO [2020-12-10 17:37:55] cex
INFO [2020-12-10 17:37:55] 
INFO [2020-12-10 17:37:55] $filename
INFO [2020-12-10 17:37:55] NULL
INFO [2020-12-10 17:37:55] 
