INFO [2020-12-10 16:59:29] [[1]]
INFO [2020-12-10 16:59:29] vectors
INFO [2020-12-10 16:59:29] 
INFO [2020-12-10 16:59:29] $fill
INFO [2020-12-10 16:59:29] fill
INFO [2020-12-10 16:59:29] 
INFO [2020-12-10 16:59:29] $alpha
INFO [2020-12-10 16:59:29] alpha
INFO [2020-12-10 16:59:29] 
INFO [2020-12-10 16:59:29] $cat.pos
INFO [2020-12-10 16:59:29] cat.pos
INFO [2020-12-10 16:59:29] 
INFO [2020-12-10 16:59:29] $cat.fontface
INFO [2020-12-10 16:59:29] [1] "bold"
INFO [2020-12-10 16:59:29] 
INFO [2020-12-10 16:59:29] $cat.cex
INFO [2020-12-10 16:59:29] cat.cex
INFO [2020-12-10 16:59:29] 
INFO [2020-12-10 16:59:29] $cex
INFO [2020-12-10 16:59:29] cex
INFO [2020-12-10 16:59:29] 
INFO [2020-12-10 16:59:29] $filename
INFO [2020-12-10 16:59:29] NULL
INFO [2020-12-10 16:59:29] 
