INFO [2020-12-10 17:40:47] $main
INFO [2020-12-10 17:40:47] paste("TFs ", region_use)
INFO [2020-12-10 17:40:47] 
INFO [2020-12-10 17:40:47] $x
INFO [2020-12-10 17:40:47] vectors
INFO [2020-12-10 17:40:47] 
INFO [2020-12-10 17:40:47] $fill
INFO [2020-12-10 17:40:47] fill
INFO [2020-12-10 17:40:47] 
INFO [2020-12-10 17:40:47] $main.fontfamily
INFO [2020-12-10 17:40:47] [1] "Arial"
INFO [2020-12-10 17:40:47] 
INFO [2020-12-10 17:40:47] $fontfamily
INFO [2020-12-10 17:40:47] rep("Arial", 3)
INFO [2020-12-10 17:40:47] 
INFO [2020-12-10 17:40:47] $force.unique
INFO [2020-12-10 17:40:47] [1] TRUE
INFO [2020-12-10 17:40:47] 
INFO [2020-12-10 17:40:47] $alpha
INFO [2020-12-10 17:40:47] alpha
INFO [2020-12-10 17:40:47] 
INFO [2020-12-10 17:40:47] $cat.dist
INFO [2020-12-10 17:40:47] cat.dist
INFO [2020-12-10 17:40:47] 
INFO [2020-12-10 17:40:47] $cat.pos
INFO [2020-12-10 17:40:47] cat.pos
INFO [2020-12-10 17:40:47] 
INFO [2020-12-10 17:40:47] $cat.cex
INFO [2020-12-10 17:40:47] cat.cex
INFO [2020-12-10 17:40:47] 
INFO [2020-12-10 17:40:47] $cex
INFO [2020-12-10 17:40:47] cex
INFO [2020-12-10 17:40:47] 
INFO [2020-12-10 17:40:47] $filename
INFO [2020-12-10 17:40:47] NULL
INFO [2020-12-10 17:40:47] 
