INFO [2020-12-10 16:58:53] [[1]]
INFO [2020-12-10 16:58:53] vectors
INFO [2020-12-10 16:58:53] 
INFO [2020-12-10 16:58:53] $fill
INFO [2020-12-10 16:58:53] fill
INFO [2020-12-10 16:58:53] 
INFO [2020-12-10 16:58:53] $alpha
INFO [2020-12-10 16:58:53] alpha
INFO [2020-12-10 16:58:53] 
INFO [2020-12-10 16:58:53] $cat.pos
INFO [2020-12-10 16:58:53] cat.pos
INFO [2020-12-10 16:58:53] 
INFO [2020-12-10 16:58:53] $cat.fontface
INFO [2020-12-10 16:58:53] [1] "bold"
INFO [2020-12-10 16:58:53] 
INFO [2020-12-10 16:58:53] $cat.cex
INFO [2020-12-10 16:58:53] cat.cex
INFO [2020-12-10 16:58:53] 
INFO [2020-12-10 16:58:53] $cex
INFO [2020-12-10 16:58:53] cex
INFO [2020-12-10 16:58:53] 
INFO [2020-12-10 16:58:53] $filename
INFO [2020-12-10 16:58:53] NULL
INFO [2020-12-10 16:58:53] 
