INFO [2020-12-10 17:46:39] $main
INFO [2020-12-10 17:46:39] paste("TFs ", region_use)
INFO [2020-12-10 17:46:39] 
INFO [2020-12-10 17:46:39] $x
INFO [2020-12-10 17:46:39] vectors
INFO [2020-12-10 17:46:39] 
INFO [2020-12-10 17:46:39] $fill
INFO [2020-12-10 17:46:39] fill
INFO [2020-12-10 17:46:39] 
INFO [2020-12-10 17:46:39] $main.fontfamily
INFO [2020-12-10 17:46:39] [1] "Arial"
INFO [2020-12-10 17:46:39] 
INFO [2020-12-10 17:46:39] $fontfamily
INFO [2020-12-10 17:46:39] rep("Arial", 3)
INFO [2020-12-10 17:46:39] 
INFO [2020-12-10 17:46:39] $force.unique
INFO [2020-12-10 17:46:39] [1] TRUE
INFO [2020-12-10 17:46:39] 
INFO [2020-12-10 17:46:39] $alpha
INFO [2020-12-10 17:46:39] alpha
INFO [2020-12-10 17:46:39] 
INFO [2020-12-10 17:46:39] $cat.dist
INFO [2020-12-10 17:46:39] cat.dist
INFO [2020-12-10 17:46:39] 
INFO [2020-12-10 17:46:39] $cat.pos
INFO [2020-12-10 17:46:39] cat.pos
INFO [2020-12-10 17:46:39] 
INFO [2020-12-10 17:46:39] $cat.cex
INFO [2020-12-10 17:46:39] cat.cex
INFO [2020-12-10 17:46:39] 
INFO [2020-12-10 17:46:39] $cex
INFO [2020-12-10 17:46:39] cex
INFO [2020-12-10 17:46:39] 
INFO [2020-12-10 17:46:39] $filename
INFO [2020-12-10 17:46:39] NULL
INFO [2020-12-10 17:46:39] 
