INFO [2020-12-10 16:43:34] [[1]]
INFO [2020-12-10 16:43:34] vectors
INFO [2020-12-10 16:43:34] 
INFO [2020-12-10 16:43:34] $fill
INFO [2020-12-10 16:43:34] fill
INFO [2020-12-10 16:43:34] 
INFO [2020-12-10 16:43:34] $alpha
INFO [2020-12-10 16:43:34] alpha
INFO [2020-12-10 16:43:34] 
INFO [2020-12-10 16:43:34] $cat.pos
INFO [2020-12-10 16:43:34] cat.pos
INFO [2020-12-10 16:43:34] 
INFO [2020-12-10 16:43:34] $cat.fontface
INFO [2020-12-10 16:43:34] [1] "bold"
INFO [2020-12-10 16:43:34] 
INFO [2020-12-10 16:43:34] $cat.cex
INFO [2020-12-10 16:43:34] cat.cex
INFO [2020-12-10 16:43:34] 
INFO [2020-12-10 16:43:34] $cex
INFO [2020-12-10 16:43:34] cex
INFO [2020-12-10 16:43:34] 
INFO [2020-12-10 16:43:34] $filename
INFO [2020-12-10 16:43:34] NULL
INFO [2020-12-10 16:43:34] 
