INFO [2020-12-10 17:46:21] $main
INFO [2020-12-10 17:46:21] paste("TFs ", region_use)
INFO [2020-12-10 17:46:21] 
INFO [2020-12-10 17:46:21] $x
INFO [2020-12-10 17:46:21] vectors
INFO [2020-12-10 17:46:21] 
INFO [2020-12-10 17:46:21] $fill
INFO [2020-12-10 17:46:21] fill
INFO [2020-12-10 17:46:21] 
INFO [2020-12-10 17:46:21] $main.fontfamily
INFO [2020-12-10 17:46:21] [1] "Arial"
INFO [2020-12-10 17:46:21] 
INFO [2020-12-10 17:46:21] $fontfamily
INFO [2020-12-10 17:46:21] rep("Arial", 3)
INFO [2020-12-10 17:46:21] 
INFO [2020-12-10 17:46:21] $force.unique
INFO [2020-12-10 17:46:21] [1] TRUE
INFO [2020-12-10 17:46:21] 
INFO [2020-12-10 17:46:21] $alpha
INFO [2020-12-10 17:46:21] alpha
INFO [2020-12-10 17:46:21] 
INFO [2020-12-10 17:46:21] $cat.dist
INFO [2020-12-10 17:46:21] cat.dist
INFO [2020-12-10 17:46:21] 
INFO [2020-12-10 17:46:21] $cat.pos
INFO [2020-12-10 17:46:21] cat.pos
INFO [2020-12-10 17:46:21] 
INFO [2020-12-10 17:46:21] $cat.cex
INFO [2020-12-10 17:46:21] cat.cex
INFO [2020-12-10 17:46:21] 
INFO [2020-12-10 17:46:21] $cex
INFO [2020-12-10 17:46:21] cex
INFO [2020-12-10 17:46:21] 
INFO [2020-12-10 17:46:21] $filename
INFO [2020-12-10 17:46:21] NULL
INFO [2020-12-10 17:46:21] 
