INFO [2020-12-10 18:31:35] $main
INFO [2020-12-10 18:31:35] title
INFO [2020-12-10 18:31:35] 
INFO [2020-12-10 18:31:35] $x
INFO [2020-12-10 18:31:35] vectors
INFO [2020-12-10 18:31:35] 
INFO [2020-12-10 18:31:35] $fill
INFO [2020-12-10 18:31:35] fill
INFO [2020-12-10 18:31:35] 
INFO [2020-12-10 18:31:35] $main.fontfamily
INFO [2020-12-10 18:31:35] [1] "sans"
INFO [2020-12-10 18:31:35] 
INFO [2020-12-10 18:31:35] $fontfamily
INFO [2020-12-10 18:31:35] rep("sans", 3)
INFO [2020-12-10 18:31:35] 
INFO [2020-12-10 18:31:35] $force.unique
INFO [2020-12-10 18:31:35] [1] TRUE
INFO [2020-12-10 18:31:35] 
INFO [2020-12-10 18:31:35] $alpha
INFO [2020-12-10 18:31:35] alpha
INFO [2020-12-10 18:31:35] 
INFO [2020-12-10 18:31:35] $cat.dist
INFO [2020-12-10 18:31:35] cat.dist
INFO [2020-12-10 18:31:35] 
INFO [2020-12-10 18:31:35] $cat.pos
INFO [2020-12-10 18:31:35] cat.pos
INFO [2020-12-10 18:31:35] 
INFO [2020-12-10 18:31:35] $cat.cex
INFO [2020-12-10 18:31:35] cat.cex
INFO [2020-12-10 18:31:35] 
INFO [2020-12-10 18:31:35] $cex
INFO [2020-12-10 18:31:35] cex
INFO [2020-12-10 18:31:35] 
INFO [2020-12-10 18:31:35] $filename
INFO [2020-12-10 18:31:35] NULL
INFO [2020-12-10 18:31:35] 
