INFO [2020-12-10 17:46:23] $main
INFO [2020-12-10 17:46:23] paste("TFs ", region_use)
INFO [2020-12-10 17:46:23] 
INFO [2020-12-10 17:46:23] $x
INFO [2020-12-10 17:46:23] vectors
INFO [2020-12-10 17:46:23] 
INFO [2020-12-10 17:46:23] $fill
INFO [2020-12-10 17:46:23] fill
INFO [2020-12-10 17:46:23] 
INFO [2020-12-10 17:46:23] $main.fontfamily
INFO [2020-12-10 17:46:23] [1] "Arial"
INFO [2020-12-10 17:46:23] 
INFO [2020-12-10 17:46:23] $fontfamily
INFO [2020-12-10 17:46:23] rep("Arial", 3)
INFO [2020-12-10 17:46:23] 
INFO [2020-12-10 17:46:23] $force.unique
INFO [2020-12-10 17:46:23] [1] TRUE
INFO [2020-12-10 17:46:23] 
INFO [2020-12-10 17:46:23] $alpha
INFO [2020-12-10 17:46:23] alpha
INFO [2020-12-10 17:46:23] 
INFO [2020-12-10 17:46:23] $cat.dist
INFO [2020-12-10 17:46:23] cat.dist
INFO [2020-12-10 17:46:23] 
INFO [2020-12-10 17:46:23] $cat.pos
INFO [2020-12-10 17:46:23] cat.pos
INFO [2020-12-10 17:46:23] 
INFO [2020-12-10 17:46:23] $cat.cex
INFO [2020-12-10 17:46:23] cat.cex
INFO [2020-12-10 17:46:23] 
INFO [2020-12-10 17:46:23] $cex
INFO [2020-12-10 17:46:23] cex
INFO [2020-12-10 17:46:23] 
INFO [2020-12-10 17:46:23] $filename
INFO [2020-12-10 17:46:23] NULL
INFO [2020-12-10 17:46:23] 
