INFO [2020-12-10 17:06:40] [[1]]
INFO [2020-12-10 17:06:40] vectors
INFO [2020-12-10 17:06:40] 
INFO [2020-12-10 17:06:40] $fill
INFO [2020-12-10 17:06:40] fill
INFO [2020-12-10 17:06:40] 
INFO [2020-12-10 17:06:40] $alpha
INFO [2020-12-10 17:06:40] alpha
INFO [2020-12-10 17:06:40] 
INFO [2020-12-10 17:06:40] $cat.pos
INFO [2020-12-10 17:06:40] cat.pos
INFO [2020-12-10 17:06:40] 
INFO [2020-12-10 17:06:40] $cat.fontface
INFO [2020-12-10 17:06:40] [1] "bold"
INFO [2020-12-10 17:06:40] 
INFO [2020-12-10 17:06:40] $cat.cex
INFO [2020-12-10 17:06:40] cat.cex
INFO [2020-12-10 17:06:40] 
INFO [2020-12-10 17:06:40] $cex
INFO [2020-12-10 17:06:40] cex
INFO [2020-12-10 17:06:40] 
INFO [2020-12-10 17:06:40] $filename
INFO [2020-12-10 17:06:40] NULL
INFO [2020-12-10 17:06:40] 
