INFO [2020-12-10 18:19:45] $main
INFO [2020-12-10 18:19:45] title
INFO [2020-12-10 18:19:45] 
INFO [2020-12-10 18:19:45] $x
INFO [2020-12-10 18:19:45] vectors
INFO [2020-12-10 18:19:45] 
INFO [2020-12-10 18:19:45] $fill
INFO [2020-12-10 18:19:45] fill
INFO [2020-12-10 18:19:45] 
INFO [2020-12-10 18:19:45] $main.fontfamily
INFO [2020-12-10 18:19:45] [1] "sans"
INFO [2020-12-10 18:19:45] 
INFO [2020-12-10 18:19:45] $fontfamily
INFO [2020-12-10 18:19:45] rep("sans", 3)
INFO [2020-12-10 18:19:45] 
INFO [2020-12-10 18:19:45] $force.unique
INFO [2020-12-10 18:19:45] [1] TRUE
INFO [2020-12-10 18:19:45] 
INFO [2020-12-10 18:19:45] $alpha
INFO [2020-12-10 18:19:45] alpha
INFO [2020-12-10 18:19:45] 
INFO [2020-12-10 18:19:45] $cat.dist
INFO [2020-12-10 18:19:45] cat.dist
INFO [2020-12-10 18:19:45] 
INFO [2020-12-10 18:19:45] $cat.pos
INFO [2020-12-10 18:19:45] cat.pos
INFO [2020-12-10 18:19:45] 
INFO [2020-12-10 18:19:45] $cat.cex
INFO [2020-12-10 18:19:45] cat.cex
INFO [2020-12-10 18:19:45] 
INFO [2020-12-10 18:19:45] $cex
INFO [2020-12-10 18:19:45] cex
INFO [2020-12-10 18:19:45] 
INFO [2020-12-10 18:19:45] $filename
INFO [2020-12-10 18:19:45] NULL
INFO [2020-12-10 18:19:45] 
