INFO [2020-12-10 17:38:58] $main
INFO [2020-12-10 17:38:58] paste("TFs ", region_use)
INFO [2020-12-10 17:38:58] 
INFO [2020-12-10 17:38:58] $x
INFO [2020-12-10 17:38:58] vectors
INFO [2020-12-10 17:38:58] 
INFO [2020-12-10 17:38:58] $fill
INFO [2020-12-10 17:38:58] fill
INFO [2020-12-10 17:38:58] 
INFO [2020-12-10 17:38:58] $main.fontfamily
INFO [2020-12-10 17:38:58] [1] "Arial"
INFO [2020-12-10 17:38:58] 
INFO [2020-12-10 17:38:58] $fontfamily
INFO [2020-12-10 17:38:58] rep("Arial", 3)
INFO [2020-12-10 17:38:58] 
INFO [2020-12-10 17:38:58] $force.unique
INFO [2020-12-10 17:38:58] [1] TRUE
INFO [2020-12-10 17:38:58] 
INFO [2020-12-10 17:38:58] $alpha
INFO [2020-12-10 17:38:58] alpha
INFO [2020-12-10 17:38:58] 
INFO [2020-12-10 17:38:58] $cat.dist
INFO [2020-12-10 17:38:58] cat.dist
INFO [2020-12-10 17:38:58] 
INFO [2020-12-10 17:38:58] $cat.pos
INFO [2020-12-10 17:38:58] cat.pos
INFO [2020-12-10 17:38:58] 
INFO [2020-12-10 17:38:58] $cat.cex
INFO [2020-12-10 17:38:58] cat.cex
INFO [2020-12-10 17:38:58] 
INFO [2020-12-10 17:38:58] $cex
INFO [2020-12-10 17:38:58] cex
INFO [2020-12-10 17:38:58] 
INFO [2020-12-10 17:38:58] $filename
INFO [2020-12-10 17:38:58] NULL
INFO [2020-12-10 17:38:58] 
