INFO [2020-12-10 16:49:59] [[1]]
INFO [2020-12-10 16:49:59] vectors
INFO [2020-12-10 16:49:59] 
INFO [2020-12-10 16:49:59] $fill
INFO [2020-12-10 16:49:59] fill
INFO [2020-12-10 16:49:59] 
INFO [2020-12-10 16:49:59] $alpha
INFO [2020-12-10 16:49:59] alpha
INFO [2020-12-10 16:49:59] 
INFO [2020-12-10 16:49:59] $cat.pos
INFO [2020-12-10 16:49:59] cat.pos
INFO [2020-12-10 16:49:59] 
INFO [2020-12-10 16:49:59] $cat.fontface
INFO [2020-12-10 16:49:59] [1] "bold"
INFO [2020-12-10 16:49:59] 
INFO [2020-12-10 16:49:59] $cat.cex
INFO [2020-12-10 16:49:59] cat.cex
INFO [2020-12-10 16:49:59] 
INFO [2020-12-10 16:49:59] $cex
INFO [2020-12-10 16:49:59] cex
INFO [2020-12-10 16:49:59] 
INFO [2020-12-10 16:49:59] $filename
INFO [2020-12-10 16:49:59] NULL
INFO [2020-12-10 16:49:59] 
