INFO [2020-12-10 17:50:16] $main
INFO [2020-12-10 17:50:16] title
INFO [2020-12-10 17:50:16] 
INFO [2020-12-10 17:50:16] $x
INFO [2020-12-10 17:50:16] vectors
INFO [2020-12-10 17:50:16] 
INFO [2020-12-10 17:50:16] $fill
INFO [2020-12-10 17:50:16] fill
INFO [2020-12-10 17:50:16] 
INFO [2020-12-10 17:50:16] $main.fontfamily
INFO [2020-12-10 17:50:16] [1] "Arial"
INFO [2020-12-10 17:50:16] 
INFO [2020-12-10 17:50:16] $fontfamily
INFO [2020-12-10 17:50:16] rep("Arial", 3)
INFO [2020-12-10 17:50:16] 
INFO [2020-12-10 17:50:16] $force.unique
INFO [2020-12-10 17:50:16] [1] TRUE
INFO [2020-12-10 17:50:16] 
INFO [2020-12-10 17:50:16] $alpha
INFO [2020-12-10 17:50:16] alpha
INFO [2020-12-10 17:50:16] 
INFO [2020-12-10 17:50:16] $cat.dist
INFO [2020-12-10 17:50:16] cat.dist
INFO [2020-12-10 17:50:16] 
INFO [2020-12-10 17:50:16] $cat.pos
INFO [2020-12-10 17:50:16] cat.pos
INFO [2020-12-10 17:50:16] 
INFO [2020-12-10 17:50:16] $cat.cex
INFO [2020-12-10 17:50:16] cat.cex
INFO [2020-12-10 17:50:16] 
INFO [2020-12-10 17:50:16] $cex
INFO [2020-12-10 17:50:16] cex
INFO [2020-12-10 17:50:16] 
INFO [2020-12-10 17:50:16] $filename
INFO [2020-12-10 17:50:16] NULL
INFO [2020-12-10 17:50:16] 
