INFO [2020-12-10 18:31:36] $main
INFO [2020-12-10 18:31:36] title
INFO [2020-12-10 18:31:36] 
INFO [2020-12-10 18:31:36] $x
INFO [2020-12-10 18:31:36] vectors
INFO [2020-12-10 18:31:36] 
INFO [2020-12-10 18:31:36] $fill
INFO [2020-12-10 18:31:36] fill
INFO [2020-12-10 18:31:36] 
INFO [2020-12-10 18:31:36] $main.fontfamily
INFO [2020-12-10 18:31:36] [1] "sans"
INFO [2020-12-10 18:31:36] 
INFO [2020-12-10 18:31:36] $fontfamily
INFO [2020-12-10 18:31:36] rep("sans", 3)
INFO [2020-12-10 18:31:36] 
INFO [2020-12-10 18:31:36] $force.unique
INFO [2020-12-10 18:31:36] [1] TRUE
INFO [2020-12-10 18:31:36] 
INFO [2020-12-10 18:31:36] $alpha
INFO [2020-12-10 18:31:36] alpha
INFO [2020-12-10 18:31:36] 
INFO [2020-12-10 18:31:36] $cat.dist
INFO [2020-12-10 18:31:36] cat.dist
INFO [2020-12-10 18:31:36] 
INFO [2020-12-10 18:31:36] $cat.pos
INFO [2020-12-10 18:31:36] cat.pos
INFO [2020-12-10 18:31:36] 
INFO [2020-12-10 18:31:36] $cat.cex
INFO [2020-12-10 18:31:36] cat.cex
INFO [2020-12-10 18:31:36] 
INFO [2020-12-10 18:31:36] $cex
INFO [2020-12-10 18:31:36] cex
INFO [2020-12-10 18:31:36] 
INFO [2020-12-10 18:31:36] $filename
INFO [2020-12-10 18:31:36] NULL
INFO [2020-12-10 18:31:36] 
