INFO [2020-12-10 17:50:18] $main
INFO [2020-12-10 17:50:18] title
INFO [2020-12-10 17:50:18] 
INFO [2020-12-10 17:50:18] $x
INFO [2020-12-10 17:50:18] vectors
INFO [2020-12-10 17:50:18] 
INFO [2020-12-10 17:50:18] $fill
INFO [2020-12-10 17:50:18] fill
INFO [2020-12-10 17:50:18] 
INFO [2020-12-10 17:50:18] $main.fontfamily
INFO [2020-12-10 17:50:18] [1] "Arial"
INFO [2020-12-10 17:50:18] 
INFO [2020-12-10 17:50:18] $fontfamily
INFO [2020-12-10 17:50:18] rep("Arial", 3)
INFO [2020-12-10 17:50:18] 
INFO [2020-12-10 17:50:18] $force.unique
INFO [2020-12-10 17:50:18] [1] TRUE
INFO [2020-12-10 17:50:18] 
INFO [2020-12-10 17:50:18] $alpha
INFO [2020-12-10 17:50:18] alpha
INFO [2020-12-10 17:50:18] 
INFO [2020-12-10 17:50:18] $cat.dist
INFO [2020-12-10 17:50:18] cat.dist
INFO [2020-12-10 17:50:18] 
INFO [2020-12-10 17:50:18] $cat.pos
INFO [2020-12-10 17:50:18] cat.pos
INFO [2020-12-10 17:50:18] 
INFO [2020-12-10 17:50:18] $cat.cex
INFO [2020-12-10 17:50:18] cat.cex
INFO [2020-12-10 17:50:18] 
INFO [2020-12-10 17:50:18] $cex
INFO [2020-12-10 17:50:18] cex
INFO [2020-12-10 17:50:18] 
INFO [2020-12-10 17:50:18] $filename
INFO [2020-12-10 17:50:18] NULL
INFO [2020-12-10 17:50:18] 
INFO [2020-12-10 17:50:18] $main
INFO [2020-12-10 17:50:18] title
INFO [2020-12-10 17:50:18] 
INFO [2020-12-10 17:50:18] $x
INFO [2020-12-10 17:50:18] vectors
INFO [2020-12-10 17:50:18] 
INFO [2020-12-10 17:50:18] $fill
INFO [2020-12-10 17:50:18] fill
INFO [2020-12-10 17:50:18] 
INFO [2020-12-10 17:50:18] $main.fontfamily
INFO [2020-12-10 17:50:18] [1] "Arial"
INFO [2020-12-10 17:50:18] 
INFO [2020-12-10 17:50:18] $fontfamily
INFO [2020-12-10 17:50:18] rep("Arial", 3)
INFO [2020-12-10 17:50:18] 
INFO [2020-12-10 17:50:18] $force.unique
INFO [2020-12-10 17:50:18] [1] TRUE
INFO [2020-12-10 17:50:18] 
INFO [2020-12-10 17:50:18] $alpha
INFO [2020-12-10 17:50:18] alpha
INFO [2020-12-10 17:50:18] 
INFO [2020-12-10 17:50:18] $cat.dist
INFO [2020-12-10 17:50:18] cat.dist
INFO [2020-12-10 17:50:18] 
INFO [2020-12-10 17:50:18] $cat.pos
INFO [2020-12-10 17:50:18] cat.pos
INFO [2020-12-10 17:50:18] 
INFO [2020-12-10 17:50:18] $cat.cex
INFO [2020-12-10 17:50:18] cat.cex
INFO [2020-12-10 17:50:18] 
INFO [2020-12-10 17:50:18] $cex
INFO [2020-12-10 17:50:18] cex
INFO [2020-12-10 17:50:18] 
INFO [2020-12-10 17:50:18] $filename
INFO [2020-12-10 17:50:18] NULL
INFO [2020-12-10 17:50:18] 
