INFO [2020-12-10 18:08:21] $main
INFO [2020-12-10 18:08:21] title
INFO [2020-12-10 18:08:21] 
INFO [2020-12-10 18:08:21] $x
INFO [2020-12-10 18:08:21] vectors
INFO [2020-12-10 18:08:21] 
INFO [2020-12-10 18:08:21] $fill
INFO [2020-12-10 18:08:21] fill
INFO [2020-12-10 18:08:21] 
INFO [2020-12-10 18:08:21] $main.fontfamily
INFO [2020-12-10 18:08:21] [1] "sans"
INFO [2020-12-10 18:08:21] 
INFO [2020-12-10 18:08:21] $fontfamily
INFO [2020-12-10 18:08:21] rep("sans", 3)
INFO [2020-12-10 18:08:21] 
INFO [2020-12-10 18:08:21] $force.unique
INFO [2020-12-10 18:08:21] [1] TRUE
INFO [2020-12-10 18:08:21] 
INFO [2020-12-10 18:08:21] $alpha
INFO [2020-12-10 18:08:21] alpha
INFO [2020-12-10 18:08:21] 
INFO [2020-12-10 18:08:21] $cat.dist
INFO [2020-12-10 18:08:21] cat.dist
INFO [2020-12-10 18:08:21] 
INFO [2020-12-10 18:08:21] $cat.pos
INFO [2020-12-10 18:08:21] cat.pos
INFO [2020-12-10 18:08:21] 
INFO [2020-12-10 18:08:21] $cat.cex
INFO [2020-12-10 18:08:21] cat.cex
INFO [2020-12-10 18:08:21] 
INFO [2020-12-10 18:08:21] $cex
INFO [2020-12-10 18:08:21] cex
INFO [2020-12-10 18:08:21] 
INFO [2020-12-10 18:08:21] $filename
INFO [2020-12-10 18:08:21] NULL
INFO [2020-12-10 18:08:21] 
