INFO [2020-12-10 16:54:14] [[1]]
INFO [2020-12-10 16:54:14] vectors
INFO [2020-12-10 16:54:14] 
INFO [2020-12-10 16:54:14] $fill
INFO [2020-12-10 16:54:14] fill
INFO [2020-12-10 16:54:14] 
INFO [2020-12-10 16:54:14] $alpha
INFO [2020-12-10 16:54:14] alpha
INFO [2020-12-10 16:54:14] 
INFO [2020-12-10 16:54:14] $cat.pos
INFO [2020-12-10 16:54:14] cat.pos
INFO [2020-12-10 16:54:14] 
INFO [2020-12-10 16:54:14] $cat.fontface
INFO [2020-12-10 16:54:14] [1] "bold"
INFO [2020-12-10 16:54:14] 
INFO [2020-12-10 16:54:14] $cat.cex
INFO [2020-12-10 16:54:14] cat.cex
INFO [2020-12-10 16:54:14] 
INFO [2020-12-10 16:54:14] $cex
INFO [2020-12-10 16:54:14] cex
INFO [2020-12-10 16:54:14] 
INFO [2020-12-10 16:54:14] $filename
INFO [2020-12-10 16:54:14] NULL
INFO [2020-12-10 16:54:14] 
