INFO [2020-12-10 16:45:05] [[1]]
INFO [2020-12-10 16:45:05] vectors
INFO [2020-12-10 16:45:05] 
INFO [2020-12-10 16:45:05] $fill
INFO [2020-12-10 16:45:05] fill
INFO [2020-12-10 16:45:05] 
INFO [2020-12-10 16:45:05] $alpha
INFO [2020-12-10 16:45:05] alpha
INFO [2020-12-10 16:45:05] 
INFO [2020-12-10 16:45:05] $cat.pos
INFO [2020-12-10 16:45:05] cat.pos
INFO [2020-12-10 16:45:05] 
INFO [2020-12-10 16:45:05] $cat.fontface
INFO [2020-12-10 16:45:05] [1] "bold"
INFO [2020-12-10 16:45:05] 
INFO [2020-12-10 16:45:05] $cat.cex
INFO [2020-12-10 16:45:05] cat.cex
INFO [2020-12-10 16:45:05] 
INFO [2020-12-10 16:45:05] $cex
INFO [2020-12-10 16:45:05] cex
INFO [2020-12-10 16:45:05] 
INFO [2020-12-10 16:45:05] $filename
INFO [2020-12-10 16:45:05] NULL
INFO [2020-12-10 16:45:05] 
