INFO [2020-12-10 17:59:15] $main
INFO [2020-12-10 17:59:15] title
INFO [2020-12-10 17:59:15] 
INFO [2020-12-10 17:59:15] $x
INFO [2020-12-10 17:59:15] vectors
INFO [2020-12-10 17:59:15] 
INFO [2020-12-10 17:59:15] $fill
INFO [2020-12-10 17:59:15] fill
INFO [2020-12-10 17:59:15] 
INFO [2020-12-10 17:59:15] $main.fontfamily
INFO [2020-12-10 17:59:15] [1] "sans"
INFO [2020-12-10 17:59:15] 
INFO [2020-12-10 17:59:15] $fontfamily
INFO [2020-12-10 17:59:15] rep("sans", 3)
INFO [2020-12-10 17:59:15] 
INFO [2020-12-10 17:59:15] $force.unique
INFO [2020-12-10 17:59:15] [1] TRUE
INFO [2020-12-10 17:59:15] 
INFO [2020-12-10 17:59:15] $alpha
INFO [2020-12-10 17:59:15] alpha
INFO [2020-12-10 17:59:15] 
INFO [2020-12-10 17:59:15] $cat.dist
INFO [2020-12-10 17:59:15] cat.dist
INFO [2020-12-10 17:59:15] 
INFO [2020-12-10 17:59:15] $cat.pos
INFO [2020-12-10 17:59:15] cat.pos
INFO [2020-12-10 17:59:15] 
INFO [2020-12-10 17:59:15] $cat.cex
INFO [2020-12-10 17:59:15] cat.cex
INFO [2020-12-10 17:59:15] 
INFO [2020-12-10 17:59:15] $cex
INFO [2020-12-10 17:59:15] cex
INFO [2020-12-10 17:59:15] 
INFO [2020-12-10 17:59:15] $filename
INFO [2020-12-10 17:59:15] NULL
INFO [2020-12-10 17:59:15] 
