INFO [2020-12-10 16:50:12] [[1]]
INFO [2020-12-10 16:50:12] vectors
INFO [2020-12-10 16:50:12] 
INFO [2020-12-10 16:50:12] $fill
INFO [2020-12-10 16:50:12] fill
INFO [2020-12-10 16:50:12] 
INFO [2020-12-10 16:50:12] $alpha
INFO [2020-12-10 16:50:12] alpha
INFO [2020-12-10 16:50:12] 
INFO [2020-12-10 16:50:12] $cat.pos
INFO [2020-12-10 16:50:12] cat.pos
INFO [2020-12-10 16:50:12] 
INFO [2020-12-10 16:50:12] $cat.fontface
INFO [2020-12-10 16:50:12] [1] "bold"
INFO [2020-12-10 16:50:12] 
INFO [2020-12-10 16:50:12] $cat.cex
INFO [2020-12-10 16:50:12] cat.cex
INFO [2020-12-10 16:50:12] 
INFO [2020-12-10 16:50:12] $cex
INFO [2020-12-10 16:50:12] cex
INFO [2020-12-10 16:50:12] 
INFO [2020-12-10 16:50:12] $filename
INFO [2020-12-10 16:50:12] NULL
INFO [2020-12-10 16:50:12] 
