INFO [2020-12-10 18:19:47] $main
INFO [2020-12-10 18:19:47] title
INFO [2020-12-10 18:19:47] 
INFO [2020-12-10 18:19:47] $x
INFO [2020-12-10 18:19:47] vectors
INFO [2020-12-10 18:19:47] 
INFO [2020-12-10 18:19:47] $fill
INFO [2020-12-10 18:19:47] fill
INFO [2020-12-10 18:19:47] 
INFO [2020-12-10 18:19:47] $main.fontfamily
INFO [2020-12-10 18:19:47] [1] "sans"
INFO [2020-12-10 18:19:47] 
INFO [2020-12-10 18:19:47] $fontfamily
INFO [2020-12-10 18:19:47] rep("sans", 3)
INFO [2020-12-10 18:19:47] 
INFO [2020-12-10 18:19:47] $force.unique
INFO [2020-12-10 18:19:47] [1] TRUE
INFO [2020-12-10 18:19:47] 
INFO [2020-12-10 18:19:47] $alpha
INFO [2020-12-10 18:19:47] alpha
INFO [2020-12-10 18:19:47] 
INFO [2020-12-10 18:19:47] $cat.dist
INFO [2020-12-10 18:19:47] cat.dist
INFO [2020-12-10 18:19:47] 
INFO [2020-12-10 18:19:47] $cat.pos
INFO [2020-12-10 18:19:47] cat.pos
INFO [2020-12-10 18:19:47] 
INFO [2020-12-10 18:19:47] $cat.cex
INFO [2020-12-10 18:19:47] cat.cex
INFO [2020-12-10 18:19:47] 
INFO [2020-12-10 18:19:47] $cex
INFO [2020-12-10 18:19:47] cex
INFO [2020-12-10 18:19:47] 
INFO [2020-12-10 18:19:47] $filename
INFO [2020-12-10 18:19:47] NULL
INFO [2020-12-10 18:19:47] 
