INFO [2020-12-10 16:44:54] [[1]]
INFO [2020-12-10 16:44:54] vectors
INFO [2020-12-10 16:44:54] 
INFO [2020-12-10 16:44:54] $fill
INFO [2020-12-10 16:44:54] fill
INFO [2020-12-10 16:44:54] 
INFO [2020-12-10 16:44:54] $alpha
INFO [2020-12-10 16:44:54] alpha
INFO [2020-12-10 16:44:54] 
INFO [2020-12-10 16:44:54] $cat.pos
INFO [2020-12-10 16:44:54] cat.pos
INFO [2020-12-10 16:44:54] 
INFO [2020-12-10 16:44:54] $cat.fontface
INFO [2020-12-10 16:44:54] [1] "bold"
INFO [2020-12-10 16:44:54] 
INFO [2020-12-10 16:44:54] $cat.cex
INFO [2020-12-10 16:44:54] cat.cex
INFO [2020-12-10 16:44:54] 
INFO [2020-12-10 16:44:54] $cex
INFO [2020-12-10 16:44:54] cex
INFO [2020-12-10 16:44:54] 
INFO [2020-12-10 16:44:54] $filename
INFO [2020-12-10 16:44:54] NULL
INFO [2020-12-10 16:44:54] 
