INFO [2020-12-10 17:28:36] $main
INFO [2020-12-10 17:28:36] paste("TFs ", region_use)
INFO [2020-12-10 17:28:36] 
INFO [2020-12-10 17:28:36] $x
INFO [2020-12-10 17:28:36] vectors
INFO [2020-12-10 17:28:36] 
INFO [2020-12-10 17:28:36] $fill
INFO [2020-12-10 17:28:36] fill
INFO [2020-12-10 17:28:36] 
INFO [2020-12-10 17:28:36] $main.fontfamily
INFO [2020-12-10 17:28:36] [1] "Arial"
INFO [2020-12-10 17:28:36] 
INFO [2020-12-10 17:28:36] $force.unique
INFO [2020-12-10 17:28:36] [1] TRUE
INFO [2020-12-10 17:28:36] 
INFO [2020-12-10 17:28:36] $alpha
INFO [2020-12-10 17:28:36] alpha
INFO [2020-12-10 17:28:36] 
INFO [2020-12-10 17:28:36] $cat.dist
INFO [2020-12-10 17:28:36] cat.dist
INFO [2020-12-10 17:28:36] 
INFO [2020-12-10 17:28:36] $cat.pos
INFO [2020-12-10 17:28:36] cat.pos
INFO [2020-12-10 17:28:36] 
INFO [2020-12-10 17:28:36] $cat.cex
INFO [2020-12-10 17:28:36] cat.cex
INFO [2020-12-10 17:28:36] 
INFO [2020-12-10 17:28:36] $cex
INFO [2020-12-10 17:28:36] cex
INFO [2020-12-10 17:28:36] 
INFO [2020-12-10 17:28:36] $filename
INFO [2020-12-10 17:28:36] NULL
INFO [2020-12-10 17:28:36] 
