INFO [2020-12-10 18:31:39] $main
INFO [2020-12-10 18:31:39] title
INFO [2020-12-10 18:31:39] 
INFO [2020-12-10 18:31:39] $x
INFO [2020-12-10 18:31:39] vectors
INFO [2020-12-10 18:31:39] 
INFO [2020-12-10 18:31:39] $fill
INFO [2020-12-10 18:31:39] fill
INFO [2020-12-10 18:31:39] 
INFO [2020-12-10 18:31:39] $main.fontfamily
INFO [2020-12-10 18:31:39] [1] "sans"
INFO [2020-12-10 18:31:39] 
INFO [2020-12-10 18:31:39] $fontfamily
INFO [2020-12-10 18:31:39] rep("sans", 3)
INFO [2020-12-10 18:31:39] 
INFO [2020-12-10 18:31:39] $force.unique
INFO [2020-12-10 18:31:39] [1] TRUE
INFO [2020-12-10 18:31:39] 
INFO [2020-12-10 18:31:39] $alpha
INFO [2020-12-10 18:31:39] alpha
INFO [2020-12-10 18:31:39] 
INFO [2020-12-10 18:31:39] $cat.dist
INFO [2020-12-10 18:31:39] cat.dist
INFO [2020-12-10 18:31:39] 
INFO [2020-12-10 18:31:39] $cat.pos
INFO [2020-12-10 18:31:39] cat.pos
INFO [2020-12-10 18:31:39] 
INFO [2020-12-10 18:31:39] $cat.cex
INFO [2020-12-10 18:31:39] cat.cex
INFO [2020-12-10 18:31:39] 
INFO [2020-12-10 18:31:39] $cex
INFO [2020-12-10 18:31:39] cex
INFO [2020-12-10 18:31:39] 
INFO [2020-12-10 18:31:39] $filename
INFO [2020-12-10 18:31:39] NULL
INFO [2020-12-10 18:31:39] 
