INFO [2020-12-10 17:28:16] $main
INFO [2020-12-10 17:28:16] paste("TFs ", region_use)
INFO [2020-12-10 17:28:16] 
INFO [2020-12-10 17:28:16] $x
INFO [2020-12-10 17:28:16] vectors
INFO [2020-12-10 17:28:16] 
INFO [2020-12-10 17:28:16] $fill
INFO [2020-12-10 17:28:16] fill
INFO [2020-12-10 17:28:16] 
INFO [2020-12-10 17:28:16] $main.fontfamily
INFO [2020-12-10 17:28:16] [1] "Arial"
INFO [2020-12-10 17:28:16] 
INFO [2020-12-10 17:28:16] $force.unique
INFO [2020-12-10 17:28:16] [1] TRUE
INFO [2020-12-10 17:28:16] 
INFO [2020-12-10 17:28:16] $alpha
INFO [2020-12-10 17:28:16] alpha
INFO [2020-12-10 17:28:16] 
INFO [2020-12-10 17:28:16] $cat.dist
INFO [2020-12-10 17:28:16] cat.dist
INFO [2020-12-10 17:28:16] 
INFO [2020-12-10 17:28:16] $cat.pos
INFO [2020-12-10 17:28:16] cat.pos
INFO [2020-12-10 17:28:16] 
INFO [2020-12-10 17:28:16] $cat.cex
INFO [2020-12-10 17:28:16] cat.cex
INFO [2020-12-10 17:28:16] 
INFO [2020-12-10 17:28:16] $cex
INFO [2020-12-10 17:28:16] cex
INFO [2020-12-10 17:28:16] 
INFO [2020-12-10 17:28:16] $filename
INFO [2020-12-10 17:28:16] NULL
INFO [2020-12-10 17:28:16] 
