INFO [2020-12-10 17:39:33] $main
INFO [2020-12-10 17:39:33] paste("TFs ", region_use)
INFO [2020-12-10 17:39:33] 
INFO [2020-12-10 17:39:33] $x
INFO [2020-12-10 17:39:33] vectors
INFO [2020-12-10 17:39:33] 
INFO [2020-12-10 17:39:33] $fill
INFO [2020-12-10 17:39:33] fill
INFO [2020-12-10 17:39:33] 
INFO [2020-12-10 17:39:33] $main.fontfamily
INFO [2020-12-10 17:39:33] [1] "Arial"
INFO [2020-12-10 17:39:33] 
INFO [2020-12-10 17:39:33] $fontfamily
INFO [2020-12-10 17:39:33] rep("Arial", 3)
INFO [2020-12-10 17:39:33] 
INFO [2020-12-10 17:39:33] $force.unique
INFO [2020-12-10 17:39:33] [1] TRUE
INFO [2020-12-10 17:39:33] 
INFO [2020-12-10 17:39:33] $alpha
INFO [2020-12-10 17:39:33] alpha
INFO [2020-12-10 17:39:33] 
INFO [2020-12-10 17:39:33] $cat.dist
INFO [2020-12-10 17:39:33] cat.dist
INFO [2020-12-10 17:39:33] 
INFO [2020-12-10 17:39:33] $cat.pos
INFO [2020-12-10 17:39:33] cat.pos
INFO [2020-12-10 17:39:33] 
INFO [2020-12-10 17:39:33] $cat.cex
INFO [2020-12-10 17:39:33] cat.cex
INFO [2020-12-10 17:39:33] 
INFO [2020-12-10 17:39:33] $cex
INFO [2020-12-10 17:39:33] cex
INFO [2020-12-10 17:39:33] 
INFO [2020-12-10 17:39:33] $filename
INFO [2020-12-10 17:39:33] NULL
INFO [2020-12-10 17:39:33] 
