INFO [2020-12-10 18:19:43] $main
INFO [2020-12-10 18:19:43] title
INFO [2020-12-10 18:19:43] 
INFO [2020-12-10 18:19:43] $x
INFO [2020-12-10 18:19:43] vectors
INFO [2020-12-10 18:19:43] 
INFO [2020-12-10 18:19:43] $fill
INFO [2020-12-10 18:19:43] fill
INFO [2020-12-10 18:19:43] 
INFO [2020-12-10 18:19:43] $main.fontfamily
INFO [2020-12-10 18:19:43] [1] "sans"
INFO [2020-12-10 18:19:43] 
INFO [2020-12-10 18:19:43] $fontfamily
INFO [2020-12-10 18:19:43] rep("sans", 3)
INFO [2020-12-10 18:19:43] 
INFO [2020-12-10 18:19:43] $force.unique
INFO [2020-12-10 18:19:43] [1] TRUE
INFO [2020-12-10 18:19:43] 
INFO [2020-12-10 18:19:43] $alpha
INFO [2020-12-10 18:19:43] alpha
INFO [2020-12-10 18:19:43] 
INFO [2020-12-10 18:19:43] $cat.dist
INFO [2020-12-10 18:19:43] cat.dist
INFO [2020-12-10 18:19:43] 
INFO [2020-12-10 18:19:43] $cat.pos
INFO [2020-12-10 18:19:43] cat.pos
INFO [2020-12-10 18:19:43] 
INFO [2020-12-10 18:19:43] $cat.cex
INFO [2020-12-10 18:19:43] cat.cex
INFO [2020-12-10 18:19:43] 
INFO [2020-12-10 18:19:43] $cex
INFO [2020-12-10 18:19:43] cex
INFO [2020-12-10 18:19:43] 
INFO [2020-12-10 18:19:43] $filename
INFO [2020-12-10 18:19:43] NULL
INFO [2020-12-10 18:19:43] 
