INFO [2020-12-10 17:41:14] $main
INFO [2020-12-10 17:41:14] paste("TFs ", region_use)
INFO [2020-12-10 17:41:14] 
INFO [2020-12-10 17:41:14] $x
INFO [2020-12-10 17:41:14] vectors
INFO [2020-12-10 17:41:14] 
INFO [2020-12-10 17:41:14] $fill
INFO [2020-12-10 17:41:14] fill
INFO [2020-12-10 17:41:14] 
INFO [2020-12-10 17:41:14] $main.fontfamily
INFO [2020-12-10 17:41:14] [1] "Arial"
INFO [2020-12-10 17:41:14] 
INFO [2020-12-10 17:41:14] $fontfamily
INFO [2020-12-10 17:41:14] rep("Arial", 3)
INFO [2020-12-10 17:41:14] 
INFO [2020-12-10 17:41:14] $force.unique
INFO [2020-12-10 17:41:14] [1] TRUE
INFO [2020-12-10 17:41:14] 
INFO [2020-12-10 17:41:14] $alpha
INFO [2020-12-10 17:41:14] alpha
INFO [2020-12-10 17:41:14] 
INFO [2020-12-10 17:41:14] $cat.dist
INFO [2020-12-10 17:41:14] cat.dist
INFO [2020-12-10 17:41:14] 
INFO [2020-12-10 17:41:14] $cat.pos
INFO [2020-12-10 17:41:14] cat.pos
INFO [2020-12-10 17:41:14] 
INFO [2020-12-10 17:41:14] $cat.cex
INFO [2020-12-10 17:41:14] cat.cex
INFO [2020-12-10 17:41:14] 
INFO [2020-12-10 17:41:14] $cex
INFO [2020-12-10 17:41:14] cex
INFO [2020-12-10 17:41:14] 
INFO [2020-12-10 17:41:14] $filename
INFO [2020-12-10 17:41:14] NULL
INFO [2020-12-10 17:41:14] 
