INFO [2020-12-10 16:43:06] [[1]]
INFO [2020-12-10 16:43:06] vectors
INFO [2020-12-10 16:43:06] 
INFO [2020-12-10 16:43:06] $fill
INFO [2020-12-10 16:43:06] fill
INFO [2020-12-10 16:43:06] 
INFO [2020-12-10 16:43:06] $alpha
INFO [2020-12-10 16:43:06] alpha
INFO [2020-12-10 16:43:06] 
INFO [2020-12-10 16:43:06] $cat.pos
INFO [2020-12-10 16:43:06] cat.pos
INFO [2020-12-10 16:43:06] 
INFO [2020-12-10 16:43:06] $cat.fontface
INFO [2020-12-10 16:43:06] [1] "bold"
INFO [2020-12-10 16:43:06] 
INFO [2020-12-10 16:43:06] $cat.cex
INFO [2020-12-10 16:43:06] cat.cex
INFO [2020-12-10 16:43:06] 
INFO [2020-12-10 16:43:06] $cex
INFO [2020-12-10 16:43:06] cex
INFO [2020-12-10 16:43:06] 
INFO [2020-12-10 16:43:06] $filename
INFO [2020-12-10 16:43:06] NULL
INFO [2020-12-10 16:43:06] 
