INFO [2020-12-10 17:11:42] [[1]]
INFO [2020-12-10 17:11:42] vectors
INFO [2020-12-10 17:11:42] 
INFO [2020-12-10 17:11:42] $fill
INFO [2020-12-10 17:11:42] fill
INFO [2020-12-10 17:11:42] 
INFO [2020-12-10 17:11:42] $alpha
INFO [2020-12-10 17:11:42] alpha
INFO [2020-12-10 17:11:42] 
INFO [2020-12-10 17:11:42] $cat.pos
INFO [2020-12-10 17:11:42] cat.pos
INFO [2020-12-10 17:11:42] 
INFO [2020-12-10 17:11:42] $cat.fontface
INFO [2020-12-10 17:11:42] [1] "bold"
INFO [2020-12-10 17:11:42] 
INFO [2020-12-10 17:11:42] $cat.cex
INFO [2020-12-10 17:11:42] cat.cex
INFO [2020-12-10 17:11:42] 
INFO [2020-12-10 17:11:42] $cex
INFO [2020-12-10 17:11:42] cex
INFO [2020-12-10 17:11:42] 
INFO [2020-12-10 17:11:42] $filename
INFO [2020-12-10 17:11:42] NULL
INFO [2020-12-10 17:11:42] 
