INFO [2020-12-10 17:27:06] $main
INFO [2020-12-10 17:27:06] paste("TFs ", region_use)
INFO [2020-12-10 17:27:06] 
INFO [2020-12-10 17:27:06] $x
INFO [2020-12-10 17:27:06] vectors
INFO [2020-12-10 17:27:06] 
INFO [2020-12-10 17:27:06] $fill
INFO [2020-12-10 17:27:06] fill
INFO [2020-12-10 17:27:06] 
INFO [2020-12-10 17:27:06] $main.fontfamily
INFO [2020-12-10 17:27:06] [1] "Arial"
INFO [2020-12-10 17:27:06] 
INFO [2020-12-10 17:27:06] $force.unique
INFO [2020-12-10 17:27:06] [1] TRUE
INFO [2020-12-10 17:27:06] 
INFO [2020-12-10 17:27:06] $alpha
INFO [2020-12-10 17:27:06] alpha
INFO [2020-12-10 17:27:06] 
INFO [2020-12-10 17:27:06] $cat.dist
INFO [2020-12-10 17:27:06] cat.dist
INFO [2020-12-10 17:27:06] 
INFO [2020-12-10 17:27:06] $cat.pos
INFO [2020-12-10 17:27:06] cat.pos
INFO [2020-12-10 17:27:06] 
INFO [2020-12-10 17:27:06] $cat.cex
INFO [2020-12-10 17:27:06] cat.cex
INFO [2020-12-10 17:27:06] 
INFO [2020-12-10 17:27:06] $cex
INFO [2020-12-10 17:27:06] cex
INFO [2020-12-10 17:27:06] 
INFO [2020-12-10 17:27:06] $filename
INFO [2020-12-10 17:27:06] NULL
INFO [2020-12-10 17:27:06] 
