INFO [2020-12-10 18:19:46] $main
INFO [2020-12-10 18:19:46] title
INFO [2020-12-10 18:19:46] 
INFO [2020-12-10 18:19:46] $x
INFO [2020-12-10 18:19:46] vectors
INFO [2020-12-10 18:19:46] 
INFO [2020-12-10 18:19:46] $fill
INFO [2020-12-10 18:19:46] fill
INFO [2020-12-10 18:19:46] 
INFO [2020-12-10 18:19:46] $main.fontfamily
INFO [2020-12-10 18:19:46] [1] "sans"
INFO [2020-12-10 18:19:46] 
INFO [2020-12-10 18:19:46] $fontfamily
INFO [2020-12-10 18:19:46] rep("sans", 3)
INFO [2020-12-10 18:19:46] 
INFO [2020-12-10 18:19:46] $force.unique
INFO [2020-12-10 18:19:46] [1] TRUE
INFO [2020-12-10 18:19:46] 
INFO [2020-12-10 18:19:46] $alpha
INFO [2020-12-10 18:19:46] alpha
INFO [2020-12-10 18:19:46] 
INFO [2020-12-10 18:19:46] $cat.dist
INFO [2020-12-10 18:19:46] cat.dist
INFO [2020-12-10 18:19:46] 
INFO [2020-12-10 18:19:46] $cat.pos
INFO [2020-12-10 18:19:46] cat.pos
INFO [2020-12-10 18:19:46] 
INFO [2020-12-10 18:19:46] $cat.cex
INFO [2020-12-10 18:19:46] cat.cex
INFO [2020-12-10 18:19:46] 
INFO [2020-12-10 18:19:46] $cex
INFO [2020-12-10 18:19:46] cex
INFO [2020-12-10 18:19:46] 
INFO [2020-12-10 18:19:46] $filename
INFO [2020-12-10 18:19:46] NULL
INFO [2020-12-10 18:19:46] 
