INFO [2020-12-10 17:38:32] $main
INFO [2020-12-10 17:38:32] paste("TFs ", region_use)
INFO [2020-12-10 17:38:32] 
INFO [2020-12-10 17:38:32] $x
INFO [2020-12-10 17:38:32] vectors
INFO [2020-12-10 17:38:32] 
INFO [2020-12-10 17:38:32] $fill
INFO [2020-12-10 17:38:32] fill
INFO [2020-12-10 17:38:32] 
INFO [2020-12-10 17:38:32] $main.fontfamily
INFO [2020-12-10 17:38:32] [1] "Arial"
INFO [2020-12-10 17:38:32] 
INFO [2020-12-10 17:38:32] $fontfamily
INFO [2020-12-10 17:38:32] rep("Arial", 3)
INFO [2020-12-10 17:38:32] 
INFO [2020-12-10 17:38:32] $force.unique
INFO [2020-12-10 17:38:32] [1] TRUE
INFO [2020-12-10 17:38:32] 
INFO [2020-12-10 17:38:32] $alpha
INFO [2020-12-10 17:38:32] alpha
INFO [2020-12-10 17:38:32] 
INFO [2020-12-10 17:38:32] $cat.dist
INFO [2020-12-10 17:38:32] cat.dist
INFO [2020-12-10 17:38:32] 
INFO [2020-12-10 17:38:32] $cat.pos
INFO [2020-12-10 17:38:32] cat.pos
INFO [2020-12-10 17:38:32] 
INFO [2020-12-10 17:38:32] $cat.cex
INFO [2020-12-10 17:38:32] cat.cex
INFO [2020-12-10 17:38:32] 
INFO [2020-12-10 17:38:32] $cex
INFO [2020-12-10 17:38:32] cex
INFO [2020-12-10 17:38:32] 
INFO [2020-12-10 17:38:32] $filename
INFO [2020-12-10 17:38:32] NULL
INFO [2020-12-10 17:38:32] 
