INFO [2020-12-10 17:46:41] $main
INFO [2020-12-10 17:46:41] paste("TFs ", region_use)
INFO [2020-12-10 17:46:41] 
INFO [2020-12-10 17:46:41] $x
INFO [2020-12-10 17:46:41] vectors
INFO [2020-12-10 17:46:41] 
INFO [2020-12-10 17:46:41] $fill
INFO [2020-12-10 17:46:41] fill
INFO [2020-12-10 17:46:41] 
INFO [2020-12-10 17:46:41] $main.fontfamily
INFO [2020-12-10 17:46:41] [1] "Arial"
INFO [2020-12-10 17:46:41] 
INFO [2020-12-10 17:46:41] $fontfamily
INFO [2020-12-10 17:46:41] rep("Arial", 3)
INFO [2020-12-10 17:46:41] 
INFO [2020-12-10 17:46:41] $force.unique
INFO [2020-12-10 17:46:41] [1] TRUE
INFO [2020-12-10 17:46:41] 
INFO [2020-12-10 17:46:41] $alpha
INFO [2020-12-10 17:46:41] alpha
INFO [2020-12-10 17:46:41] 
INFO [2020-12-10 17:46:41] $cat.dist
INFO [2020-12-10 17:46:41] cat.dist
INFO [2020-12-10 17:46:41] 
INFO [2020-12-10 17:46:41] $cat.pos
INFO [2020-12-10 17:46:41] cat.pos
INFO [2020-12-10 17:46:41] 
INFO [2020-12-10 17:46:41] $cat.cex
INFO [2020-12-10 17:46:41] cat.cex
INFO [2020-12-10 17:46:41] 
INFO [2020-12-10 17:46:41] $cex
INFO [2020-12-10 17:46:41] cex
INFO [2020-12-10 17:46:41] 
INFO [2020-12-10 17:46:41] $filename
INFO [2020-12-10 17:46:41] NULL
INFO [2020-12-10 17:46:41] 
