INFO [2020-12-10 17:42:02] $main
INFO [2020-12-10 17:42:02] paste("TFs ", region_use)
INFO [2020-12-10 17:42:02] 
INFO [2020-12-10 17:42:02] $x
INFO [2020-12-10 17:42:02] vectors
INFO [2020-12-10 17:42:02] 
INFO [2020-12-10 17:42:02] $fill
INFO [2020-12-10 17:42:02] fill
INFO [2020-12-10 17:42:02] 
INFO [2020-12-10 17:42:02] $main.fontfamily
INFO [2020-12-10 17:42:02] [1] "Arial"
INFO [2020-12-10 17:42:02] 
INFO [2020-12-10 17:42:02] $fontfamily
INFO [2020-12-10 17:42:02] rep("Arial", 3)
INFO [2020-12-10 17:42:02] 
INFO [2020-12-10 17:42:02] $force.unique
INFO [2020-12-10 17:42:02] [1] TRUE
INFO [2020-12-10 17:42:02] 
INFO [2020-12-10 17:42:02] $alpha
INFO [2020-12-10 17:42:02] alpha
INFO [2020-12-10 17:42:02] 
INFO [2020-12-10 17:42:02] $cat.dist
INFO [2020-12-10 17:42:02] cat.dist
INFO [2020-12-10 17:42:02] 
INFO [2020-12-10 17:42:02] $cat.pos
INFO [2020-12-10 17:42:02] cat.pos
INFO [2020-12-10 17:42:02] 
INFO [2020-12-10 17:42:02] $cat.cex
INFO [2020-12-10 17:42:02] cat.cex
INFO [2020-12-10 17:42:02] 
INFO [2020-12-10 17:42:02] $cex
INFO [2020-12-10 17:42:02] cex
INFO [2020-12-10 17:42:02] 
INFO [2020-12-10 17:42:02] $filename
INFO [2020-12-10 17:42:02] NULL
INFO [2020-12-10 17:42:02] 
