INFO [2020-12-10 17:59:12] $main
INFO [2020-12-10 17:59:12] title
INFO [2020-12-10 17:59:12] 
INFO [2020-12-10 17:59:12] $x
INFO [2020-12-10 17:59:12] vectors
INFO [2020-12-10 17:59:12] 
INFO [2020-12-10 17:59:12] $fill
INFO [2020-12-10 17:59:12] fill
INFO [2020-12-10 17:59:12] 
INFO [2020-12-10 17:59:12] $main.fontfamily
INFO [2020-12-10 17:59:12] [1] "sans"
INFO [2020-12-10 17:59:12] 
INFO [2020-12-10 17:59:12] $fontfamily
INFO [2020-12-10 17:59:12] rep("sans", 3)
INFO [2020-12-10 17:59:12] 
INFO [2020-12-10 17:59:12] $force.unique
INFO [2020-12-10 17:59:12] [1] TRUE
INFO [2020-12-10 17:59:12] 
INFO [2020-12-10 17:59:12] $alpha
INFO [2020-12-10 17:59:12] alpha
INFO [2020-12-10 17:59:12] 
INFO [2020-12-10 17:59:12] $cat.dist
INFO [2020-12-10 17:59:12] cat.dist
INFO [2020-12-10 17:59:12] 
INFO [2020-12-10 17:59:12] $cat.pos
INFO [2020-12-10 17:59:12] cat.pos
INFO [2020-12-10 17:59:12] 
INFO [2020-12-10 17:59:12] $cat.cex
INFO [2020-12-10 17:59:12] cat.cex
INFO [2020-12-10 17:59:12] 
INFO [2020-12-10 17:59:12] $cex
INFO [2020-12-10 17:59:12] cex
INFO [2020-12-10 17:59:12] 
INFO [2020-12-10 17:59:12] $filename
INFO [2020-12-10 17:59:12] NULL
INFO [2020-12-10 17:59:12] 
